{"failedCount":1,"prefixedPath":"src\/test\/java\/InditexTechTest\/tests\/ejercicio3_APIAutomation.feature","packageQualifiedName":"src.test.java.InditexTechTest.tests.ejercicio3_APIAutomation","loopIndex":-1,"relativePath":"src\/test\/java\/InditexTechTest\/tests\/ejercicio3_APIAutomation.feature","scenarioResults":[{"sectionIndex":1,"stepResults":[{"result":{"nanos":69425200,"millis":69.4252,"status":"passed"},"step":{"background":true,"line":5,"prefix":"*","index":0,"text":"url 'http:\/\/petstore.swagger.io\/v2'"}},{"result":{"nanos":673000,"millis":0.673,"status":"passed"},"step":{"background":true,"line":6,"prefix":"*","index":1,"text":"header Accept = 'application\/json'"}},{"result":{"nanos":359800,"millis":0.3598,"status":"passed"},"step":{"background":true,"line":7,"prefix":"*","index":2,"text":"header Authorization = 'apikey special-key'"}},{"result":{"nanos":353800,"millis":0.3538,"status":"passed"},"step":{"line":20,"prefix":"Given","index":0,"text":"url '\/pet\/findByStatus?status=sold'"}},{"result":{"nanos":265145800,"errorMessage":"http call failed after 250 milliseconds for url: \/pet\/findByStatus?status=sold\norg.apache.http.ProtocolException: Target host is not specified\nsrc\/test\/java\/InditexTechTest\/tests\/ejercicio3_APIAutomation.feature:21","millis":265.1458,"status":"failed"},"step":{"line":21,"prefix":"When","index":1,"text":"method GET"},"stepLog":"12:54:51.590 org.apache.http.ProtocolException: Target host is not specified, http call failed after 250 milliseconds for url: \/pet\/findByStatus?status=sold\n12:54:51.598 src\/test\/java\/InditexTechTest\/tests\/ejercicio3_APIAutomation.feature:21\nWhen method GET\nhttp call failed after 250 milliseconds for url: \/pet\/findByStatus?status=sold\norg.apache.http.ProtocolException: Target host is not specified\nsrc\/test\/java\/InditexTechTest\/tests\/ejercicio3_APIAutomation.feature:21\n"},{"result":{"nanos":0,"millis":0.0,"status":"skipped"},"step":{"line":22,"prefix":"Then","index":2,"text":"status 200"}},{"result":{"nanos":0,"millis":0.0,"status":"skipped"},"step":{"line":23,"prefix":"And","index":3,"text":"print response"}}],"line":19,"description":"","durationMillis":335.9576,"failed":true,"error":"http call failed after 250 milliseconds for url: \/pet\/findByStatus?status=sold\norg.apache.http.ProtocolException: Target host is not specified\nsrc\/test\/java\/InditexTechTest\/tests\/ejercicio3_APIAutomation.feature:21","executorName":"main","name":"Title of your scenario 2","startTime":1681037691230,"refId":"[2:19]","endTime":1681037691598,"exampleIndex":-1}],"callDepth":0,"name":"API Test","description":"I want to use this template for my feature file","resultDate":"2023-04-09 12:54:51 p.Â m.","durationMillis":335.9576,"passedCount":0}